# JRE version: Java(TM) SE Runtime Environment (17.0.1+12) (build 17.0.1+12-LTS-39)
# Java VM: Java HotSpot(TM) 64-Bit Server VM (17.0.1+12-LTS-39, mixed mode, emulated-client, sharing, tiered, compressed oops, compressed class ptrs, g1 gc, windows-amd64)
GC Precious Log:
 CPUs: 8 total, 8 available
 Memory: 16235M
 Large Page Support: Disabled
 NUMA Support: Disabled
 Compressed Oops: Enabled (Zero based)
 Heap Region Size: 2M
 Heap Min Capacity: 8M
 Heap Initial Capacity: 254M
 Heap Max Capacity: 4060M
 Pre-touch: Disabled
 Parallel Workers: 8
 Concurrent Workers: 2
 Concurrent Refinement Workers: 8
 Periodic GC: Disabled
Heap:
 garbage-first heap   total 75776K, used 24862K [0x0000000702400000, 0x0000000800000000)
  region size 2048K, 2 young (4096K), 2 survivors (4096K)
 Metaspace       used 47674K, committed 48192K, reserved 1097728K
  class space    used 6591K, committed 6848K, reserved 1048576K
GC Heap History (20 events):
Event: 1.329 GC heap after
{Heap after GC invocations=2 (full 0):
 garbage-first heap   total 260096K, used 7880K [0x0000000702400000, 0x0000000800000000)
  region size 2048K, 1 young (2048K), 1 survivors (2048K)
 Metaspace       used 9153K, committed 9344K, reserved 1064960K
  class space    used 1191K, committed 1280K, reserved 1048576K
}
Event: 1.865 GC heap before
{Heap before GC invocations=2 (full 0):
 garbage-first heap   total 260096K, used 73416K [0x0000000702400000, 0x0000000800000000)
  region size 2048K, 34 young (69632K), 1 survivors (2048K)
 Metaspace       used 16165K, committed 16512K, reserved 1064960K
  class space    used 2114K, committed 2304K, reserved 1048576K
}
Event: 1.871 GC heap after
{Heap after GC invocations=3 (full 0):
 garbage-first heap   total 260096K, used 10152K [0x0000000702400000, 0x0000000800000000)
  region size 2048K, 2 young (4096K), 2 survivors (4096K)
 Metaspace       used 16165K, committed 16512K, reserved 1064960K
  class space    used 2114K, committed 2304K, reserved 1048576K
}
Event: 2.984 GC heap before
{Heap before GC invocations=3 (full 0):
 garbage-first heap   total 260096K, used 67496K [0x0000000702400000, 0x0000000800000000)
  region size 2048K, 32 young (65536K), 2 survivors (4096K)
 Metaspace       used 21128K, committed 21504K, reserved 1073152K
  class space    used 2816K, committed 3008K, reserved 1048576K
}
Event: 2.992 GC heap after
{Heap after GC invocations=4 (full 0):
 garbage-first heap   total 260096K, used 12761K [0x0000000702400000, 0x0000000800000000)
  region size 2048K, 4 young (8192K), 4 survivors (8192K)
 Metaspace       used 21128K, committed 21504K, reserved 1073152K
  class space    used 2816K, committed 3008K, reserved 1048576K
}
Event: 3.507 GC heap before
{Heap before GC invocations=5 (full 0):
 garbage-first heap   total 61440K, used 45529K [0x0000000702400000, 0x0000000800000000)
  region size 2048K, 21 young (43008K), 4 survivors (8192K)
 Metaspace       used 24573K, committed 24960K, reserved 1073152K
  class space    used 3305K, committed 3456K, reserved 1048576K
}
Event: 3.520 GC heap after
{Heap after GC invocations=6 (full 0):
 garbage-first heap   total 61440K, used 15402K [0x0000000702400000, 0x0000000800000000)
  region size 2048K, 5 young (10240K), 5 survivors (10240K)
 Metaspace       used 24573K, committed 24960K, reserved 1073152K
  class space    used 3305K, committed 3456K, reserved 1048576K
}
Event: 3.521 GC heap before
{Heap before GC invocations=6 (full 0):
 garbage-first heap   total 61440K, used 15402K [0x0000000702400000, 0x0000000800000000)
  region size 2048K, 6 young (12288K), 5 survivors (10240K)
 Metaspace       used 24573K, committed 24960K, reserved 1073152K
  class space    used 3305K, committed 3456K, reserved 1048576K
}
Event: 3.533 GC heap after
{Heap after GC invocations=7 (full 0):
 garbage-first heap   total 161792K, used 15309K [0x0000000702400000, 0x0000000800000000)
  region size 2048K, 1 young (2048K), 1 survivors (2048K)
 Metaspace       used 24573K, committed 24960K, reserved 1073152K
  class space    used 3305K, committed 3456K, reserved 1048576K
}
Event: 5.259 GC heap before
{Heap before GC invocations=7 (full 0):
 garbage-first heap   total 161792K, used 105421K [0x0000000702400000, 0x0000000800000000)
  region size 2048K, 47 young (96256K), 1 survivors (2048K)
 Metaspace       used 35641K, committed 35968K, reserved 1081344K
  class space    used 4873K, committed 5056K, reserved 1048576K
}
Event: 5.264 GC heap after
{Heap after GC invocations=8 (full 0):
 garbage-first heap   total 161792K, used 18174K [0x0000000702400000, 0x0000000800000000)
  region size 2048K, 2 young (4096K), 2 survivors (4096K)
 Metaspace       used 35641K, committed 35968K, reserved 1081344K
  class space    used 4873K, committed 5056K, reserved 1048576K
}
Event: 6.367 GC heap before
{Heap before GC invocations=9 (full 0):
 garbage-first heap   total 75776K, used 57086K [0x0000000702400000, 0x0000000800000000)
  region size 2048K, 22 young (45056K), 2 survivors (4096K)
 Metaspace       used 41989K, committed 42368K, reserved 1089536K
  class space    used 5839K, committed 6016K, reserved 1048576K
}
Event: 6.374 GC heap after
{Heap after GC invocations=10 (full 0):
 garbage-first heap   total 75776K, used 20516K [0x0000000702400000, 0x0000000800000000)
  region size 2048K, 2 young (4096K), 2 survivors (4096K)
 Metaspace       used 41989K, committed 42368K, reserved 1089536K
  class space    used 5839K, committed 6016K, reserved 1048576K
}
Event: 6.402 GC heap before
{Heap before GC invocations=10 (full 0):
 garbage-first heap   total 75776K, used 22564K [0x0000000702400000, 0x0000000800000000)
  region size 2048K, 3 young (6144K), 2 survivors (4096K)
 Metaspace       used 42187K, committed 42560K, reserved 1089536K
  class space    used 5861K, committed 6016K, reserved 1048576K
}
Event: 6.406 GC heap after
{Heap after GC invocations=11 (full 0):
 garbage-first heap   total 75776K, used 20610K [0x0000000702400000, 0x0000000800000000)
  region size 2048K, 1 young (2048K), 1 survivors (2048K)
 Metaspace       used 42187K, committed 42560K, reserved 1089536K
  class space    used 5861K, committed 6016K, reserved 1048576K
}
Event: 6.827 GC heap before
{Heap before GC invocations=11 (full 0):
 garbage-first heap   total 75776K, used 53378K [0x0000000702400000, 0x0000000800000000)
  region size 2048K, 18 young (36864K), 1 survivors (2048K)
 Metaspace       used 44187K, committed 44608K, reserved 1089536K
  class space    used 6154K, committed 6336K, reserved 1048576K
}
Event: 6.830 GC heap after
{Heap after GC invocations=12 (full 0):
 garbage-first heap   total 75776K, used 21963K [0x0000000702400000, 0x0000000800000000)
  region size 2048K, 1 young (2048K), 1 survivors (2048K)
 Metaspace       used 44187K, committed 44608K, reserved 1089536K
  class space    used 6154K, committed 6336K, reserved 1048576K
}
Event: 7.464 GC heap before
{Heap before GC invocations=12 (full 0):
 garbage-first heap   total 75776K, used 58827K [0x0000000702400000, 0x0000000800000000)
  region size 2048K, 19 young (38912K), 1 survivors (2048K)
 Metaspace       used 47522K, committed 48000K, reserved 1097728K
  class space    used 6569K, committed 6784K, reserved 1048576K
}
Event: 7.472 GC heap after
{Heap after GC invocations=13 (full 0):
 garbage-first heap   total 75776K, used 24584K [0x0000000702400000, 0x0000000800000000)
  region size 2048K, 3 young (6144K), 3 survivors (6144K)
 Metaspace       used 47522K, committed 48000K, reserved 1097728K
  class space    used 6569K, committed 6784K, reserved 1048576K
}
Event: 7.654 GC heap before
{Heap before GC invocations=13 (full 0):
 garbage-first heap   total 75776K, used 57352K [0x0000000702400000, 0x0000000800000000)
  region size 2048K, 19 young (38912K), 3 survivors (6144K)
 Metaspace       used 47674K, committed 48192K, reserved 1097728K
  class space    used 6591K, committed 6848K, reserved 1048576K
}

